<?xml version="1.0" encoding="UTF-8"?>
<!-- Generated by org.testng.reporters.JUnitReportReporter -->
<testsuite hostname="ShahhSpace" failures="0" tests="1" name="sample_TC01.VtigerLogin" time="4.903" errors="0" timestamp="2023-11-07T12:29:18 IST" skipped="0">
  <testcase classname="sample_TC01.VtigerLogin" name="LoginVtiger" time="4.903"/>
</testsuite> <!-- sample_TC01.VtigerLogin -->
