<?xml version="1.0" encoding="UTF-8"?>
<!-- Generated by org.testng.reporters.JUnitReportReporter -->
<testsuite hostname="ShahhSpace" failures="0" tests="1" name="sample_TC01.Vtiger" time="23.564" errors="0" timestamp="2023-11-08T22:13:24 IST" skipped="0">
  <testcase classname="sample_TC01.Vtiger" name="checklogin" time="23.564"/>
</testsuite> <!-- sample_TC01.Vtiger -->
